  Camera.cpp
  Face.cpp
  InitShader.cpp
  Light.cpp
  MeshModel.cpp
  Renderer.cpp
  Scene.cpp
  ShaderProgram.cpp
  Utils.cpp
  imgui_impl_glfw.cpp
  imgui_impl_opengl3.cpp
  main.cpp
D:\computergraphics2021-nour-abdi\Viewer\src\MeshModel.cpp(24): warning C4018: '<': signed/unsigned mismatch
D:\computergraphics2021-nour-abdi\Viewer\src\MeshModel.cpp(42): warning C4018: '<': signed/unsigned mismatch
D:\computergraphics2021-nour-abdi\Viewer\src\main.cpp(338): warning C4305: 'argument': truncation from 'double' to 'float'
D:\computergraphics2021-nour-abdi\Viewer\src\main.cpp(339): warning C4305: 'argument': truncation from 'double' to 'float'
D:\computergraphics2021-nour-abdi\Viewer\src\main.cpp(340): warning C4305: 'argument': truncation from 'double' to 'float'
D:\computergraphics2021-nour-abdi\Viewer\src\main.cpp(381): warning C4305: 'argument': truncation from 'double' to 'float'
D:\computergraphics2021-nour-abdi\Viewer\src\main.cpp(382): warning C4305: 'argument': truncation from 'double' to 'float'
D:\computergraphics2021-nour-abdi\Viewer\src\main.cpp(383): warning C4305: 'argument': truncation from 'double' to 'float'
D:\computergraphics2021-nour-abdi\Viewer\src\main.cpp(447): warning C4305: 'argument': truncation from 'double' to 'float'
D:\computergraphics2021-nour-abdi\Viewer\src\main.cpp(448): warning C4305: 'argument': truncation from 'double' to 'float'
D:\computergraphics2021-nour-abdi\Viewer\src\main.cpp(449): warning C4305: 'argument': truncation from 'double' to 'float'
D:\computergraphics2021-nour-abdi\Viewer\src\Renderer.cpp(63): warning C4244: 'initializing': conversion from 'T' to 'int', possible loss of data
          with
          [
              T=float
          ]
D:\computergraphics2021-nour-abdi\Viewer\src\Renderer.cpp(64): warning C4244: 'initializing': conversion from 'T' to 'int', possible loss of data
          with
          [
              T=float
          ]
D:\computergraphics2021-nour-abdi\Viewer\src\Renderer.cpp(72): warning C4244: '=': conversion from 'const T' to 'int', possible loss of data
          with
          [
              T=float
          ]
D:\computergraphics2021-nour-abdi\Viewer\src\Renderer.cpp(74): warning C4244: 'initializing': conversion from 'const T' to 'int', possible loss of data
          with
          [
              T=float
          ]
D:\computergraphics2021-nour-abdi\Viewer\src\Renderer.cpp(90): warning C4244: 'initializing': conversion from 'T' to 'int', possible loss of data
          with
          [
              T=float
          ]
D:\computergraphics2021-nour-abdi\Viewer\src\Renderer.cpp(91): warning C4244: 'initializing': conversion from 'T' to 'int', possible loss of data
          with
          [
              T=float
          ]
D:\computergraphics2021-nour-abdi\Viewer\src\Renderer.cpp(99): warning C4244: '=': conversion from 'const T' to 'int', possible loss of data
          with
          [
              T=float
          ]
D:\computergraphics2021-nour-abdi\Viewer\src\Renderer.cpp(101): warning C4244: 'initializing': conversion from 'const T' to 'int', possible loss of data
          with
          [
              T=float
          ]
D:\computergraphics2021-nour-abdi\Viewer\src\Renderer.cpp(141): warning C4244: 'initializing': conversion from 'float' to 'int', possible loss of data
D:\computergraphics2021-nour-abdi\Viewer\src\Renderer.cpp(143): warning C4244: 'initializing': conversion from 'float' to 'int', possible loss of data
D:\computergraphics2021-nour-abdi\Viewer\src\Renderer.cpp(177): warning C4244: 'initializing': conversion from 'float' to 'int', possible loss of data
D:\computergraphics2021-nour-abdi\Viewer\src\Renderer.cpp(179): warning C4244: 'initializing': conversion from 'float' to 'int', possible loss of data
D:\computergraphics2021-nour-abdi\Viewer\src\Renderer.cpp(218): warning C4244: 'initializing': conversion from 'float' to 'int', possible loss of data
D:\computergraphics2021-nour-abdi\Viewer\src\Renderer.cpp(220): warning C4244: 'initializing': conversion from 'float' to 'int', possible loss of data
D:\computergraphics2021-nour-abdi\Viewer\src\Renderer.cpp(274): warning C4244: 'initializing': conversion from 'T' to 'int', possible loss of data
          with
          [
              T=float
          ]
D:\computergraphics2021-nour-abdi\Viewer\src\Renderer.cpp(275): warning C4244: 'initializing': conversion from 'T' to 'int', possible loss of data
          with
          [
              T=float
          ]
D:\computergraphics2021-nour-abdi\Viewer\src\Renderer.cpp(451): warning C4101: 'Transformations': unreferenced local variable
D:\computergraphics2021-nour-abdi\Viewer\src\Renderer.cpp(452): warning C4101: 'ViewTransformations': unreferenced local variable
  MeshViewer.vcxproj -> D:\computergraphics2021-nour-abdi\build\bin\Release\MeshViewer.exe
  Copying Shaders
